SF:lib/src/cubit/book_list_cubit.dart
DA:12,2
DA:16,4
DA:18,2
DA:19,10
DA:22,6
DA:27,6
DA:30,2
DA:31,6
DA:32,6
DA:35,6
DA:36,2
DA:37,4
DA:43,0
DA:44,0
DA:46,0
DA:49,0
DA:50,0
DA:52,0
DA:54,0
DA:55,0
DA:56,0
DA:58,0
DA:59,0
DA:63,0
DA:64,0
DA:65,0
DA:72,0
DA:73,0
LF:28
LH:12
end_of_record
SF:lib/src/cubit/detail_cubit.dart
DA:12,1
DA:17,1
DA:18,1
DA:19,1
DA:21,1
DA:25,1
DA:26,3
DA:27,2
DA:29,1
DA:30,3
DA:31,3
DA:34,3
DA:35,1
DA:36,2
DA:42,0
DA:43,0
LF:16
LH:14
end_of_record
SF:lib/src/page/book_detail_page.dart
DA:14,1
DA:19,1
DA:21,1
DA:23,1
DA:24,2
DA:25,1
DA:26,1
DA:27,1
DA:29,1
DA:30,1
LF:10
LH:10
end_of_record
SF:lib/src/page/book_home_page.dart
DA:13,1
DA:16,1
DA:18,1
DA:20,1
DA:22,1
DA:23,2
DA:24,1
DA:25,1
DA:26,1
DA:27,1
LF:10
LH:10
end_of_record
SF:lib/src/page/book_search_result_page.dart
DA:13,1
DA:18,1
DA:20,1
DA:22,1
DA:23,2
DA:24,1
DA:25,1
DA:26,2
DA:27,1
DA:28,3
LF:10
LH:10
end_of_record
SF:lib/src/locale/book_locale_resource.dart
DA:6,6
DA:8,3
DA:9,3
DA:10,3
DA:15,3
DA:20,3
DA:25,3
DA:30,3
DA:35,3
DA:40,3
DA:45,3
DA:50,3
DA:55,3
LF:13
LH:13
end_of_record
SF:lib/src/locale/book_locale_delegate.dart
DA:7,3
DA:11,3
DA:12,6
DA:15,0
LF:4
LH:3
end_of_record
SF:lib/src/locale/book_locale.dart
DA:7,6
DA:9,1
DA:10,2
DA:13,1
DA:14,2
DA:17,1
DA:18,2
DA:21,1
DA:22,2
DA:25,0
DA:26,0
DA:29,0
DA:30,0
DA:33,1
DA:34,2
DA:37,3
DA:38,6
DA:41,3
DA:42,6
DA:45,3
DA:46,6
DA:49,3
DA:51,6
LF:23
LH:19
end_of_record
SF:lib/src/component/book_loading_component.dart
DA:5,4
DA:7,2
DA:9,2
DA:11,2
DA:13,2
DA:19,2
LF:6
LH:6
end_of_record
SF:lib/src/component/book_component.dart
DA:14,0
DA:18,0
DA:20,0
DA:22,0
DA:23,0
DA:24,0
DA:26,0
DA:28,0
DA:29,0
DA:30,0
DA:31,0
DA:32,0
DA:37,0
DA:38,0
DA:40,0
DA:46,0
DA:47,0
DA:49,0
DA:51,0
DA:52,0
DA:53,0
DA:57,0
DA:58,0
DA:59,0
LF:24
LH:0
end_of_record
SF:lib/src/component/fade_in_text_component.dart
DA:10,0
DA:16,0
DA:18,0
DA:19,0
DA:27,0
DA:29,0
DA:30,0
DA:31,0
DA:34,0
DA:35,0
DA:39,0
DA:40,0
DA:45,0
DA:46,0
DA:49,0
DA:51,0
DA:52,0
DA:55,0
DA:57,0
DA:58,0
DA:61,0
DA:63,0
DA:64,0
DA:65,0
DA:66,0
DA:67,0
DA:68,0
DA:69,0
DA:70,0
LF:29
LH:0
end_of_record
SF:lib/src/component/book_detail_component.dart
DA:26,1
DA:34,1
DA:36,1
DA:38,1
DA:41,4
DA:42,1
DA:45,1
DA:46,1
DA:49,1
DA:50,1
DA:52,0
DA:57,1
DA:58,1
DA:59,1
DA:61,0
DA:62,0
DA:63,0
DA:68,1
DA:70,1
DA:79,1
DA:81,1
DA:82,1
DA:83,1
DA:84,2
DA:85,1
DA:90,1
DA:92,1
DA:93,1
DA:94,1
DA:95,4
DA:96,1
DA:101,1
DA:103,1
DA:104,1
DA:105,1
DA:107,1
DA:108,2
DA:110,1
DA:111,4
DA:112,1
DA:115,2
DA:117,0
DA:120,0
DA:129,1
DA:131,1
DA:132,1
DA:133,1
DA:134,1
LF:48
LH:42
end_of_record
SF:lib/src/component/book_detail_loading_component.dart
DA:7,4
DA:9,1
DA:11,1
LF:3
LH:3
end_of_record
SF:lib/src/state/detail_state.dart
DA:9,1
DA:15,1
DA:20,1
DA:21,1
DA:22,0
DA:23,1
LF:6
LH:5
end_of_record
SF:lib/src/state/book_list_state.dart
DA:14,2
DA:22,2
DA:29,2
DA:30,2
DA:31,0
DA:32,2
DA:33,2
DA:34,2
LF:8
LH:7
end_of_record
SF:lib/src/view/book_list_view.dart
DA:29,2
DA:33,2
DA:35,2
DA:37,2
DA:38,2
DA:39,2
DA:40,4
DA:43,2
DA:44,2
DA:45,4
DA:46,2
DA:48,2
DA:49,2
DA:51,4
DA:52,2
DA:54,2
DA:55,2
DA:56,8
DA:57,2
DA:76,2
DA:80,2
DA:82,2
DA:84,2
DA:86,2
DA:87,2
DA:88,2
DA:89,2
DA:90,4
DA:91,2
DA:95,2
DA:96,3
DA:97,1
DA:99,1
DA:100,1
DA:101,1
DA:124,2
DA:130,2
DA:132,2
DA:133,2
DA:141,2
DA:143,2
DA:144,4
DA:145,4
DA:146,0
DA:147,0
DA:148,0
DA:149,0
DA:150,0
DA:153,4
DA:154,0
DA:158,2
DA:160,4
DA:161,4
DA:162,0
DA:164,2
DA:167,2
DA:169,2
DA:171,2
DA:172,0
DA:173,0
DA:175,2
DA:176,2
DA:177,2
DA:178,5
DA:179,1
DA:181,1
DA:182,1
DA:183,1
DA:185,1
DA:186,1
DA:187,2
DA:188,0
DA:189,0
DA:190,0
DA:192,0
DA:196,0
DA:197,0
DA:198,0
DA:201,0
DA:202,0
DA:209,2
DA:210,2
DA:211,0
DA:213,0
DA:225,0
DA:226,0
DA:227,0
DA:228,0
DA:229,0
DA:231,0
DA:233,0
DA:238,12
DA:246,0
DA:247,0
DA:249,0
DA:259,4
DA:261,2
DA:263,2
DA:265,2
DA:267,2
DA:268,2
DA:269,2
DA:270,2
DA:271,2
DA:273,2
DA:274,2
DA:279,2
DA:280,2
DA:281,2
DA:284,2
DA:285,2
DA:286,2
DA:292,4
DA:293,2
DA:294,2
DA:295,2
DA:297,2
DA:298,6
LF:118
LH:88
end_of_record
SF:lib/src/view/detail_view.dart
DA:30,1
DA:33,1
DA:35,1
DA:36,1
DA:45,1
DA:47,1
DA:48,1
DA:49,3
DA:50,2
DA:51,3
DA:52,1
DA:57,1
DA:58,1
DA:59,1
DA:62,1
DA:63,2
DA:64,0
DA:66,0
DA:67,0
DA:69,0
DA:71,0
DA:74,1
DA:76,1
DA:78,1
DA:79,1
DA:80,2
DA:83,1
DA:84,1
DA:85,2
DA:89,2
DA:90,3
DA:92,1
DA:95,1
DA:96,0
DA:98,0
DA:99,0
DA:100,0
DA:102,0
DA:104,0
DA:105,0
DA:106,0
DA:108,0
DA:110,0
DA:111,0
DA:113,0
DA:114,0
DA:117,0
DA:119,0
DA:120,0
DA:123,0
DA:125,0
DA:138,0
DA:144,0
DA:146,0
DA:147,0
DA:154,0
DA:159,0
DA:162,0
DA:165,0
DA:171,0
DA:174,0
DA:176,0
DA:177,0
DA:178,0
DA:179,0
DA:181,0
DA:182,0
DA:183,0
DA:184,0
DA:185,0
DA:189,0
DA:191,0
DA:195,0
DA:196,0
DA:197,0
DA:198,0
DA:205,4
DA:207,0
DA:209,1
DA:211,1
DA:212,1
DA:213,1
DA:223,4
DA:225,1
DA:227,1
DA:229,1
DA:231,1
DA:232,1
DA:233,1
DA:234,1
DA:235,1
DA:237,1
DA:238,1
DA:243,1
DA:244,1
DA:245,1
DA:248,1
DA:249,1
DA:250,1
DA:256,2
DA:257,1
DA:258,1
DA:259,1
DA:261,1
DA:262,3
LF:105
LH:56
end_of_record
