SF:lib/src/page_test_helper.dart
DA:9,0
DA:20,0
DA:22,0
DA:23,0
DA:25,0
DA:26,0
DA:27,0
DA:28,0
DA:30,0
DA:35,0
DA:36,0
LF:11
LH:0
end_of_record
SF:lib/src/fakeclient/fake_http_client_response.dart
DA:9,0
DA:13,0
DA:14,0
DA:16,0
DA:19,0
DA:22,0
DA:26,0
DA:29,0
DA:32,0
DA:37,0
DA:40,0
DA:43,0
DA:46,0
DA:49,0
DA:52,0
DA:55,0
DA:58,0
DA:60,0
DA:62,0
DA:64,0
DA:66,0
DA:69,0
DA:72,0
DA:74,0
DA:76,0
DA:79,0
DA:82,0
DA:86,0
DA:89,0
DA:92,0
DA:95,0
DA:98,0
DA:101,0
DA:104,0
DA:107,0
DA:110,0
DA:113,0
DA:115,0
DA:117,0
DA:121,0
DA:124,0
DA:128,0
DA:131,0
DA:134,0
DA:137,0
DA:141,0
DA:144,0
DA:146,0
DA:148,0
DA:150,0
DA:152,0
DA:154,0
DA:156,0
DA:158,0
DA:160,0
DA:163,0
DA:166,0
DA:168,0
DA:170,0
DA:174,0
DA:177,0
DA:179,0
DA:181,0
DA:184,0
DA:187,0
DA:189,0
DA:191,0
DA:194,0
DA:197,0
DA:199,0
DA:201,0
DA:205,0
DA:208,0
DA:210,0
DA:212,0
DA:216,0
DA:219,0
DA:221,0
DA:223,0
DA:227,0
DA:230,0
DA:233,0
DA:236,0
DA:239,0
DA:242,0
DA:245,0
DA:248,0
DA:251,0
DA:254,0
DA:258,0
DA:261,0
DA:264,0
DA:267,0
DA:270,0
DA:273,0
DA:276,0
DA:279,0
DA:282,0
DA:287,0
LF:99
LH:0
end_of_record
SF:lib/src/fakeclient/fake_http_overrides.dart
DA:8,0
DA:10,0
LF:2
LH:0
end_of_record
SF:lib/src/fakeclient/fake_http_client_request.dart
DA:11,0
DA:12,0
DA:14,0
DA:15,0
DA:35,0
DA:40,0
DA:45,0
DA:50,0
DA:53,0
DA:56,0
DA:58,0
DA:60,0
DA:62,0
DA:64,0
DA:66,0
DA:68,0
DA:71,0
DA:74,0
DA:76,0
DA:78,0
DA:80,0
DA:82,0
DA:87,0
DA:92,0
DA:97,0
LF:25
LH:0
end_of_record
SF:lib/src/fakeclient/fake_http_client.dart
DA:9,0
DA:11,0
DA:29,0
DA:35,0
DA:41,0
DA:47,0
DA:54,0
DA:60,0
DA:65,0
DA:68,0
DA:71,0
DA:74,0
DA:77,0
DA:82,0
DA:85,0
DA:88,0
DA:91,0
DA:94,0
DA:97,0
DA:100,0
DA:104,0
DA:107,0
DA:110,0
DA:113,0
DA:116,0
DA:119,0
DA:122,0
DA:125,0
DA:128,0
DA:131,0
DA:134,0
DA:137,0
DA:140,0
DA:143,0
DA:146,0
DA:149,0
DA:154,0
LF:37
LH:0
end_of_record
SF:lib/src/fakeclient/fake_http_headers.dart
DA:34,0
DA:37,0
DA:40,0
DA:45,0
DA:50,0
DA:55,0
DA:60,0
DA:65,0
DA:70,0
DA:75,0
DA:78,0
LF:11
LH:0
end_of_record
