SF:lib/main.dart
DA:5,0
DA:6,0
LF:2
LH:0
end_of_record
SF:lib/src/main_development.dart
DA:5,0
DA:6,0
LF:2
LH:0
end_of_record
SF:lib/src/bootstrap.dart
DA:12,0
DA:13,0
DA:15,0
DA:16,0
DA:18,0
DA:21,0
DA:22,0
DA:23,0
DA:24,0
DA:27,0
DA:28,0
DA:30,0
DA:33,0
LF:13
LH:0
end_of_record
SF:lib/src/main_production.dart
DA:5,0
DA:6,0
LF:2
LH:0
end_of_record
SF:lib/src/ebook_app.dart
DA:8,0
DA:12,0
DA:19,0
DA:23,0
DA:26,0
DA:28,0
DA:29,0
DA:30,0
DA:32,0
DA:33,0
DA:35,0
DA:36,0
DA:39,0
DA:40,0
DA:41,0
DA:42,0
DA:43,0
DA:46,0
DA:47,0
DA:50,0
DA:54,0
DA:55,0
DA:56,0
DA:57,0
DA:68,0
DA:69,0
DA:70,0
DA:71,0
DA:72,0
DA:75,0
DA:76,0
LF:31
LH:0
end_of_record
SF:lib/src/flavor/flavors.dart
DA:5,0
DA:15,0
DA:25,0
LF:3
LH:0
end_of_record
SF:lib/src/flavor/flavor_config.dart
DA:8,0
LF:1
LH:0
end_of_record
SF:lib/src/main_staging.dart
DA:5,0
DA:6,0
LF:2
LH:0
end_of_record
