SF:module/library/base_asset/lib/src/icon/base_icon.dart
DA:6,0
DA:7,0
DA:8,0
DA:9,0
DA:10,0
DA:11,0
DA:12,0
DA:13,0
DA:14,0
DA:15,0
DA:16,0
DA:17,0
DA:18,0
DA:19,0
DA:20,0
DA:21,0
DA:22,0
DA:23,0
DA:24,0
DA:25,0
DA:26,0
DA:27,0
DA:28,0
DA:29,0
DA:30,0
DA:31,0
DA:32,0
DA:33,0
DA:34,0
DA:35,0
DA:36,0
DA:37,0
DA:38,0
DA:39,0
DA:40,0
DA:41,0
DA:42,0
DA:43,0
DA:44,0
DA:45,0
DA:46,0
DA:47,0
DA:48,0
DA:49,0
DA:50,0
DA:51,0
DA:52,0
DA:53,0
DA:54,0
DA:55,0
DA:56,0
DA:57,0
DA:58,0
DA:59,0
DA:60,0
DA:61,0
DA:62,0
DA:63,0
DA:64,0
DA:65,0
DA:66,0
DA:67,0
DA:68,0
DA:69,0
DA:70,0
DA:71,0
DA:72,0
DA:73,0
DA:74,0
DA:75,0
DA:76,0
DA:77,0
DA:78,0
DA:79,0
DA:80,0
DA:81,0
DA:82,0
DA:83,0
DA:84,0
DA:85,0
DA:86,0
DA:87,0
DA:88,0
DA:89,0
DA:90,0
DA:91,0
DA:92,0
DA:93,0
DA:94,0
DA:95,0
DA:96,0
DA:97,0
DA:100,0
DA:102,0
DA:104,0
DA:106,0
DA:108,0
DA:109,0
DA:111,0
DA:112,0
DA:114,0
DA:115,0
DA:117,0
DA:119,0
DA:121,0
DA:123,0
DA:125,0
DA:127,0
DA:129,0
DA:131,0
DA:133,0
DA:135,0
DA:137,0
DA:139,0
DA:140,0
LF:115
LH:0
end_of_record
SF:module/library/base_component/lib/src/navbar/search_bar_component.dart
DA:33,0
DA:44,0
DA:46,0
DA:48,0
DA:50,0
DA:51,0
DA:52,0
DA:54,0
DA:55,0
DA:56,0
DA:58,0
DA:59,0
DA:61,0
DA:62,0
DA:63,0
DA:64,0
DA:65,0
DA:68,0
DA:69,0
DA:70,0
DA:71,0
DA:72,0
DA:73,0
LF:23
LH:0
end_of_record
SF:module/library/base_component/lib/src/navbar/navbar_component.dart
DA:64,0
DA:82,0
DA:107,0
DA:127,0
DA:131,0
DA:132,0
DA:134,0
DA:135,0
DA:143,0
DA:144,0
DA:145,0
DA:149,0
DA:151,0
DA:152,0
DA:153,0
DA:154,0
DA:155,0
DA:156,0
DA:158,0
DA:160,0
DA:162,0
DA:163,0
DA:165,0
DA:167,0
DA:171,0
DA:173,0
DA:174,0
DA:176,0
DA:180,0
DA:181,0
DA:183,0
DA:184,0
DA:186,0
DA:188,0
DA:193,0
DA:199,0
DA:200,0
DA:202,0
DA:203,0
DA:208,0
DA:209,0
DA:210,0
DA:211,0
DA:212,0
DA:213,0
DA:215,0
DA:220,0
DA:222,0
DA:223,0
DA:224,0
DA:225,0
DA:227,0
DA:234,0
DA:235,0
DA:236,0
DA:237,0
DA:238,0
DA:244,0
DA:245,0
DA:248,0
DA:250,0
DA:252,0
DA:253,0
DA:254,0
DA:256,0
DA:257,0
DA:258,0
DA:259,0
DA:261,0
DA:262,0
DA:267,0
DA:268,0
DA:269,0
DA:270,0
DA:271,0
DA:272,0
DA:277,0
DA:278,0
DA:281,0
DA:282,0
DA:283,0
DA:285,0
DA:288,0
DA:289,0
DA:292,0
DA:294,0
DA:297,0
DA:298,0
DA:300,0
DA:313,0
DA:314,0
DA:317,0
LF:92
LH:0
end_of_record
SF:module/library/base_component/lib/src/navbar/menubar_component.dart
DA:28,0
DA:34,0
DA:36,0
DA:38,0
DA:39,0
DA:40,0
DA:41,0
DA:43,0
DA:44,0
DA:45,0
DA:46,0
DA:48,0
DA:49,0
DA:55,0
DA:56,0
DA:58,0
DA:61,0
DA:63,0
DA:64,0
DA:66,0
DA:67,0
DA:68,0
DA:69,0
DA:72,0
DA:73,0
DA:74,0
DA:75,0
DA:76,0
DA:77,0
DA:78,0
DA:80,0
DA:81,0
DA:82,0
DA:92,0
DA:93,0
DA:94,0
DA:95,0
DA:96,0
DA:99,0
DA:100,0
DA:101,0
DA:104,0
DA:105,0
DA:106,0
DA:107,0
DA:108,0
DA:113,0
DA:114,0
DA:116,0
DA:118,0
DA:122,0
DA:123,0
DA:126,0
DA:127,0
DA:129,0
DA:130,0
DA:139,0
DA:143,0
DA:144,0
DA:147,0
DA:148,0
DA:172,0
LF:62
LH:0
end_of_record
SF:module/library/base_component/lib/src/navbar/navbar_search_component.dart
DA:75,0
DA:100,0
DA:104,0
DA:106,0
DA:107,0
DA:110,0
DA:118,0
DA:120,0
DA:124,0
DA:126,0
DA:128,0
DA:129,0
DA:130,0
DA:131,0
DA:132,0
DA:133,0
DA:134,0
DA:135,0
DA:137,0
DA:138,0
DA:139,0
DA:140,0
DA:141,0
DA:146,0
DA:147,0
DA:148,0
DA:151,0
DA:152,0
DA:154,0
DA:156,0
DA:158,0
DA:159,0
DA:160,0
DA:161,0
DA:162,0
DA:163,0
DA:164,0
DA:165,0
DA:167,0
DA:169,0
DA:171,0
DA:172,0
DA:173,0
DA:177,0
DA:178,0
DA:180,0
DA:185,0
DA:186,0
DA:187,0
DA:188,0
DA:190,0
DA:191,0
DA:192,0
DA:193,0
DA:194,0
DA:195,0
DA:198,0
DA:202,0
DA:203,0
DA:206,0
LF:60
LH:0
end_of_record
SF:module/library/base_component/lib/src/navbar/collapsing_navbar_component.dart
DA:70,0
DA:92,0
DA:121,0
DA:145,0
DA:147,0
DA:148,0
DA:153,0
DA:155,0
DA:156,0
DA:157,0
DA:159,0
DA:160,0
DA:162,0
DA:163,0
DA:166,0
DA:172,0
DA:178,0
DA:179,0
DA:181,0
DA:182,0
DA:183,0
DA:184,0
DA:189,0
DA:190,0
DA:191,0
DA:192,0
DA:193,0
DA:194,0
DA:195,0
DA:198,0
DA:202,0
DA:203,0
DA:204,0
DA:205,0
DA:206,0
DA:210,0
DA:214,0
DA:215,0
DA:216,0
DA:217,0
DA:218,0
DA:219,0
DA:220,0
DA:221,0
DA:225,0
DA:226,0
DA:227,0
DA:229,0
DA:232,0
DA:233,0
DA:236,0
DA:246,0
DA:248,0
DA:250,0
DA:251,0
DA:252,0
DA:254,0
DA:255,0
DA:256,0
DA:257,0
DA:259,0
DA:260,0
DA:265,0
DA:266,0
DA:267,0
DA:268,0
DA:269,0
DA:270,0
DA:275,0
DA:278,0
DA:279,0
DA:282,0
DA:286,0
DA:287,0
LF:74
LH:0
end_of_record
SF:module/library/base_component/lib/src/form/input_text_component.dart
DA:12,1
DA:64,0
DA:89,0
DA:90,0
DA:91,0
DA:92,0
DA:94,0
DA:95,0
DA:105,0
DA:107,0
DA:108,0
DA:109,0
DA:110,0
DA:111,0
DA:112,0
DA:114,0
DA:119,0
DA:122,0
DA:124,0
DA:125,0
DA:128,0
DA:130,0
DA:131,0
DA:132,0
DA:138,0
DA:140,0
DA:141,0
DA:142,0
DA:143,0
DA:144,0
DA:148,0
DA:150,0
DA:151,0
DA:154,0
DA:156,0
DA:158,0
DA:160,0
DA:161,0
DA:162,0
DA:163,0
DA:166,0
DA:167,0
DA:168,0
DA:170,0
DA:171,0
DA:176,0
DA:177,0
DA:178,0
DA:179,0
DA:180,0
DA:181,0
DA:182,0
DA:188,0
DA:189,0
DA:190,0
DA:191,0
DA:193,0
DA:195,0
DA:205,0
DA:207,0
DA:208,0
DA:209,0
DA:210,0
DA:212,0
DA:216,0
DA:217,0
DA:218,0
DA:219,0
DA:220,0
DA:221,0
DA:222,0
DA:223,0
DA:224,0
DA:227,0
DA:231,0
DA:234,0
DA:239,0
DA:240,0
DA:246,0
DA:247,0
DA:248,0
DA:249,0
DA:250,0
DA:254,0
DA:261,0
DA:262,0
DA:263,0
DA:264,0
DA:265,0
DA:270,0
DA:271,0
DA:272,0
DA:276,0
DA:277,0
DA:279,0
DA:280,0
DA:281,0
DA:282,0
DA:284,0
DA:287,0
DA:289,0
DA:290,0
DA:291,0
DA:292,0
DA:299,0
DA:304,0
DA:306,0
DA:307,0
DA:308,0
DA:309,0
DA:314,0
DA:315,0
DA:316,0
DA:320,0
DA:321,0
DA:322,0
DA:324,0
DA:325,0
DA:328,0
DA:331,0
DA:332,0
DA:334,0
DA:336,0
DA:337,0
DA:340,0
DA:341,0
DA:344,0
DA:345,0
DA:347,0
DA:349,0
LF:130
LH:1
end_of_record
SF:module/library/base_component/lib/src/loading/pull_to_refresh.dart
DA:9,0
DA:13,0
DA:15,0
DA:17,0
DA:18,0
DA:20,0
DA:22,0
DA:23,0
LF:8
LH:0
end_of_record
SF:module/library/base_component/lib/src/loading/loading_builder/loading_animation_linear.dart
DA:25,1
DA:27,0
DA:29,0
DA:45,0
DA:47,0
DA:49,0
DA:50,0
DA:54,0
DA:55,0
DA:56,0
DA:57,0
DA:58,0
DA:59,0
DA:60,0
DA:61,0
DA:62,0
DA:63,0
DA:64,0
DA:65,0
DA:68,0
DA:69,0
DA:70,0
DA:77,0
DA:79,0
DA:80,0
DA:82,0
DA:83,0
DA:85,0
DA:88,0
DA:90,0
DA:91,0
DA:92,0
DA:93,0
DA:94,0
DA:95,0
DA:96,0
DA:105,0
DA:107,0
DA:108,0
DA:110,0
DA:112,0
LF:41
LH:1
end_of_record
SF:module/library/base_component/lib/src/loading/loading_builder/loading_decorate.dart
DA:37,0
DA:44,0
DA:46,0
DA:48,0
DA:51,0
DA:52,0
DA:53,0
DA:54,0
DA:55,0
DA:56,0
DA:58,0
DA:60,0
DA:61,0
DA:62,0
DA:63,0
DA:65,0
DA:67,0
DA:74,0
DA:78,0
DA:80,0
DA:82,0
DA:84,0
DA:85,0
LF:23
LH:0
end_of_record
SF:module/library/base_component/lib/src/loading/loading_builder/loading_shape_widget.dart
DA:31,0
DA:35,0
DA:37,0
DA:39,0
DA:40,0
DA:42,0
DA:47,0
DA:48,0
DA:50,0
DA:51,0
DA:52,0
DA:66,0
DA:71,0
DA:72,0
DA:74,0
DA:76,0
DA:77,0
DA:78,0
DA:79,0
DA:80,0
DA:81,0
DA:82,0
DA:86,0
DA:88,0
DA:89,0
DA:90,0
DA:91,0
LF:27
LH:0
end_of_record
SF:module/library/base_component/lib/src/loading/loading_builder/loading_animation_wave.dart
DA:25,1
DA:27,0
DA:28,0
DA:39,0
DA:41,0
DA:42,0
DA:43,0
DA:46,0
DA:47,0
DA:48,0
DA:49,0
DA:50,0
DA:51,0
DA:53,0
DA:54,0
DA:55,0
DA:61,0
DA:63,0
DA:64,0
DA:66,0
DA:67,0
DA:69,0
DA:72,0
DA:74,0
DA:75,0
DA:76,0
DA:78,0
DA:79,0
DA:80,0
DA:81,0
DA:82,0
DA:83,0
DA:84,0
DA:85,0
DA:86,0
DA:90,0
DA:94,0
DA:98,0
LF:38
LH:1
end_of_record
SF:module/library/base_component/lib/src/loading/loading_placeholder_component.dart
DA:14,0
DA:24,0
DA:26,0
DA:35,0
DA:39,0
DA:41,0
DA:43,0
DA:44,0
DA:45,0
DA:46,0
DA:47,0
DA:48,0
DA:50,0
DA:53,0
DA:54,0
DA:55,0
DA:56,0
DA:57,0
DA:59,0
DA:60,0
DA:70,0
DA:72,0
DA:73,0
DA:76,1
LF:24
LH:1
end_of_record
SF:module/library/base_component/lib/src/loading/loading_component.dart
DA:8,1
DA:20,0
DA:24,0
DA:26,0
DA:28,0
DA:29,0
DA:30,0
DA:31,0
DA:34,0
DA:39,0
DA:40,0
DA:41,0
DA:44,0
DA:48,0
LF:14
LH:1
end_of_record
SF:module/library/base_component/lib/src/corner/corner_token.dart
DA:6,1
LF:1
LH:1
end_of_record
SF:module/library/base_component/lib/src/color/base_color.dart
DA:4,0
LF:1
LH:0
end_of_record
SF:module/library/base_component/lib/src/color/color_token.dart
DA:6,0
DA:9,0
DA:10,0
DA:11,0
DA:12,0
DA:15,0
DA:16,0
DA:17,0
DA:18,0
DA:19,0
DA:20,0
DA:21,0
DA:22,0
DA:23,0
DA:24,0
DA:25,0
DA:26,0
DA:27,0
DA:28,0
DA:29,0
DA:30,0
DA:33,0
DA:34,0
DA:35,0
DA:36,0
DA:37,0
DA:38,0
DA:39,0
DA:40,0
DA:41,0
DA:42,0
DA:43,0
DA:44,0
DA:45,0
DA:46,0
DA:47,0
DA:48,0
DA:49,0
DA:50,0
DA:51,0
DA:52,0
DA:53,0
DA:54,0
DA:55,0
DA:56,0
DA:57,0
DA:58,0
DA:59,0
DA:60,0
DA:61,0
DA:62,0
DA:63,0
DA:64,0
DA:65,0
DA:66,0
DA:67,0
DA:70,0
DA:71,0
DA:72,0
DA:73,0
DA:74,0
DA:75,0
DA:76,0
DA:77,0
DA:78,0
DA:79,0
DA:82,0
DA:83,0
DA:84,0
DA:85,0
DA:86,0
DA:87,0
DA:88,0
DA:89,0
DA:90,0
DA:91,0
DA:94,0
DA:95,0
DA:96,0
DA:97,0
DA:98,0
DA:99,0
DA:102,0
DA:103,0
DA:104,0
DA:105,0
DA:106,0
DA:107,0
DA:108,0
DA:109,0
DA:110,0
DA:111,0
DA:112,0
DA:113,0
DA:114,0
DA:117,0
DA:118,0
DA:119,0
DA:120,0
DA:121,0
DA:122,0
DA:123,0
DA:124,0
DA:125,0
DA:126,0
DA:127,0
DA:130,0
DA:131,0
DA:132,0
DA:133,0
DA:134,0
DA:135,0
DA:136,0
DA:137,0
LF:114
LH:0
end_of_record
SF:module/library/base_component/lib/src/image/avatar_component.dart
DA:10,0
DA:16,0
DA:18,0
DA:20,0
DA:21,0
DA:22,0
DA:23,0
DA:25,0
DA:26,0
DA:29,0
DA:30,0
DA:31,0
LF:12
LH:0
end_of_record
SF:module/library/base_component/lib/src/image/image_holder.dart
DA:16,0
DA:20,0
DA:24,0
DA:28,0
DA:31,0
DA:34,0
DA:35,0
DA:36,0
DA:37,0
DA:38,0
DA:39,0
DA:40,0
DA:41,0
DA:42,0
DA:43,0
DA:44,0
DA:45,0
DA:49,0
DA:51,0
DA:52,0
DA:53,0
DA:54,0
DA:55,0
DA:56,0
DA:58,0
DA:59,0
DA:60,0
DA:61,0
DA:62,0
DA:63,0
DA:64,0
DA:68,1
LF:32
LH:1
end_of_record
SF:module/library/base_component/lib/src/image/image_options.dart
DA:20,1
DA:31,0
DA:32,0
LF:3
LH:1
end_of_record
SF:module/library/base_component/lib/src/image/image_component.dart
DA:33,0
DA:35,0
DA:37,0
DA:39,0
DA:40,0
DA:45,0
DA:46,0
DA:48,0
DA:49,0
DA:50,0
DA:51,0
DA:52,0
DA:53,0
DA:54,0
DA:55,0
DA:56,0
DA:57,0
DA:63,0
DA:64,0
DA:66,0
DA:67,0
DA:68,0
DA:69,0
DA:70,0
DA:71,0
DA:72,0
DA:73,0
DA:74,0
DA:75,0
DA:76,0
DA:77,0
DA:78,0
DA:79,0
DA:80,0
DA:81,0
DA:82,0
DA:83,0
DA:87,0
DA:89,0
DA:90,0
DA:91,0
DA:92,0
DA:93,0
DA:94,0
DA:95,0
DA:96,0
DA:97,0
DA:98,0
DA:99,0
DA:100,0
DA:101,0
DA:102,0
DA:103,0
DA:104,0
DA:105,0
DA:106,0
DA:112,0
DA:133,0
DA:135,0
DA:138,0
DA:160,0
DA:161,0
DA:164,0
DA:186,0
DA:187,0
DA:190,0
DA:212,0
DA:213,0
DA:217,0
DA:239,0
DA:240,0
DA:242,0
DA:265,0
DA:266,0
DA:268,0
DA:274,0
DA:275,0
DA:276,0
DA:277,0
DA:278,0
DA:279,0
DA:280,0
DA:281,0
DA:284,0
DA:285,0
DA:286,0
DA:287,0
DA:290,0
DA:291,0
DA:292,0
LF:90
LH:0
end_of_record
SF:module/library/base_component/lib/src/feedback/snackbar/snackbar_component.dart
DA:18,0
DA:24,0
DA:26,0
DA:28,0
DA:29,0
DA:30,0
DA:32,0
DA:37,0
DA:38,0
DA:39,0
DA:41,0
DA:42,0
DA:44,0
DA:45,0
DA:48,0
DA:50,0
DA:53,0
LF:17
LH:0
end_of_record
SF:module/library/base_component/lib/src/feedback/snackbar/snackbar.dart
DA:7,0
DA:8,0
DA:9,0
DA:12,0
DA:13,0
DA:15,0
DA:19,0
DA:21,0
DA:22,0
DA:25,0
DA:26,0
DA:28,0
DA:32,0
DA:34,0
LF:14
LH:0
end_of_record
SF:module/library/base_component/lib/src/container/focusable_container.dart
DA:12,0
DA:22,0
DA:24,0
DA:26,0
DA:27,0
DA:28,0
DA:29,0
DA:30,0
DA:32,0
DA:33,0
DA:34,0
LF:11
LH:0
end_of_record
SF:module/library/base_component/lib/src/container/tappable_container.dart
DA:25,0
DA:39,0
DA:43,0
DA:55,0
DA:57,0
DA:59,0
DA:60,0
DA:61,0
DA:62,0
DA:63,0
DA:64,0
DA:65,0
DA:69,0
DA:70,0
DA:71,0
DA:72,0
DA:74,0
DA:79,0
DA:81,0
DA:82,0
DA:84,0
DA:89,0
DA:91,0
DA:92,0
DA:94,0
DA:99,0
DA:101,0
DA:102,0
DA:104,0
DA:109,0
DA:111,0
DA:115,0
DA:117,0
DA:119,0
DA:121,0
DA:122,0
DA:125,0
DA:126,0
DA:129,0
DA:130,0
LF:40
LH:0
end_of_record
SF:module/library/base_component/lib/src/button/state_style.dart
DA:8,0
LF:1
LH:0
end_of_record
SF:module/library/base_component/lib/src/button/button_component.dart
DA:34,0
DA:36,0
DA:37,0
DA:38,0
DA:39,0
DA:40,0
DA:41,0
DA:44,0
DA:45,0
DA:49,0
DA:50,0
DA:51,0
DA:52,0
DA:53,0
DA:54,0
DA:55,0
DA:56,0
DA:59,0
DA:61,0
DA:63,0
DA:65,0
DA:66,0
DA:67,0
DA:68,0
DA:69,0
DA:70,0
DA:71,0
DA:72,0
DA:73,0
DA:74,0
DA:79,0
DA:80,0
DA:81,0
DA:85,0
DA:86,0
DA:87,0
DA:88,0
DA:89,0
DA:90,0
DA:102,0
DA:103,0
DA:105,0
DA:106,0
DA:107,0
DA:108,0
DA:109,0
DA:110,0
DA:114,0
DA:115,0
DA:116,0
DA:118,0
DA:119,0
DA:120,0
DA:121,0
DA:122,0
DA:123,0
DA:124,0
DA:125,0
DA:126,0
DA:127,0
DA:132,0
DA:133,0
DA:135,0
DA:136,0
DA:137,0
DA:142,0
DA:143,0
DA:144,0
DA:145,0
DA:146,0
DA:147,0
DA:159,0
DA:160,0
DA:161,0
DA:162,0
DA:163,0
DA:164,0
DA:166,0
DA:169,0
DA:170,0
DA:171,0
DA:172,0
DA:176,0
DA:194,0
DA:196,0
DA:214,0
DA:216,0
DA:234,0
DA:242,0
DA:248,0
DA:249,0
DA:250,0
DA:251,0
DA:252,0
DA:254,0
DA:255,0
DA:256,0
DA:257,0
DA:261,0
DA:262,0
DA:263,0
DA:264,0
DA:265,0
DA:267,0
DA:268,0
DA:269,0
DA:270,0
DA:274,0
DA:275,0
DA:276,0
DA:277,0
DA:278,0
DA:280,0
DA:281,0
DA:282,0
DA:283,0
DA:285,0
DA:286,0
DA:287,0
DA:288,0
DA:292,0
DA:293,0
DA:294,0
DA:295,0
DA:296,0
DA:298,0
DA:299,0
DA:300,0
DA:301,0
DA:303,0
DA:304,0
DA:305,0
DA:306,0
LF:133
LH:0
end_of_record
SF:module/library/base_component/lib/src/button/button_link_component.dart
DA:35,0
DA:45,0
DA:47,0
DA:49,0
DA:50,0
DA:52,0
DA:53,0
DA:54,0
DA:56,0
DA:59,0
DA:61,0
DA:62,0
DA:63,0
DA:65,0
DA:66,0
DA:67,0
DA:68,0
DA:73,0
DA:74,0
DA:75,0
DA:76,0
DA:80,0
DA:81,0
DA:83,0
DA:84,0
DA:85,0
DA:86,0
DA:97,0
DA:98,0
DA:99,0
DA:101,0
DA:114,0
DA:121,0
DA:122,0
DA:123,0
DA:124,0
DA:125,0
DA:127,0
DA:128,0
DA:129,0
DA:133,0
DA:134,0
DA:135,0
DA:137,0
DA:140,0
DA:141,0
DA:142,0
DA:144,0
DA:147,0
DA:148,0
DA:149,0
DA:151,0
DA:154,0
DA:155,0
DA:156,0
DA:158,0
DA:161,0
DA:162,0
DA:163,0
DA:167,0
DA:168,0
DA:171,0
DA:172,0
DA:173,0
DA:177,0
DA:178,0
DA:181,0
DA:182,0
DA:183,0
DA:187,0
DA:188,0
DA:191,0
DA:192,0
DA:193,0
DA:197,0
DA:198,0
LF:76
LH:0
end_of_record
SF:module/library/base_component/lib/src/identifier/badge_general_component.dart
DA:23,0
DA:28,0
DA:30,0
DA:35,0
DA:37,0
DA:41,0
DA:43,0
DA:45,0
DA:46,0
DA:47,0
DA:48,0
DA:50,0
DA:54,0
DA:55,0
DA:56,0
DA:58,0
DA:59,0
DA:60,0
DA:61,0
DA:65,0
DA:66,0
DA:70,0
DA:71,0
DA:72,0
DA:73,0
DA:76,0
DA:78,0
DA:79,0
DA:83,0
DA:84,0
DA:85,0
DA:86,0
DA:87,0
DA:88,0
DA:94,0
DA:95,0
DA:96,0
DA:97,0
DA:102,0
DA:106,0
DA:107,0
DA:108,0
DA:109,0
DA:110,0
DA:111,0
DA:119,0
DA:120,0
DA:121,0
DA:122,0
DA:130,0
DA:132,0
DA:133,0
DA:135,0
DA:136,0
DA:138,0
DA:139,0
DA:146,0
DA:148,0
DA:149,0
DA:151,0
DA:152,0
DA:154,0
DA:155,0
LF:63
LH:0
end_of_record
SF:module/library/base_component/lib/src/typography/typography_token.dart
DA:9,0
DA:11,0
DA:12,0
DA:13,0
DA:14,0
DA:16,0
DA:19,0
DA:20,0
DA:21,0
DA:22,0
DA:24,0
DA:27,0
DA:28,0
DA:29,0
DA:30,0
DA:31,0
DA:33,0
DA:36,0
DA:37,0
DA:38,0
DA:39,0
DA:40,0
DA:42,0
DA:45,0
DA:46,0
DA:47,0
DA:48,0
DA:50,0
DA:53,0
DA:54,0
DA:55,0
DA:56,0
DA:57,0
DA:59,0
DA:62,0
DA:63,0
DA:64,0
DA:65,0
DA:66,0
DA:68,0
DA:71,0
DA:72,0
DA:73,0
DA:74,0
DA:76,0
DA:79,0
DA:80,0
DA:81,0
DA:82,0
DA:84,0
DA:87,0
DA:88,0
DA:89,0
DA:90,0
DA:92,0
DA:95,0
DA:96,0
DA:97,0
DA:98,0
DA:100,0
DA:103,0
DA:104,0
DA:105,0
DA:106,0
DA:107,0
DA:109,0
DA:112,0
DA:113,0
DA:114,0
DA:115,0
DA:116,0
DA:118,0
DA:121,0
DA:122,0
DA:123,0
DA:124,0
DA:126,0
DA:129,0
DA:130,0
DA:131,0
DA:132,0
DA:134,0
DA:137,0
DA:138,0
DA:139,0
DA:140,0
DA:142,0
DA:145,0
DA:146,0
DA:147,0
DA:148,0
DA:150,0
DA:153,0
DA:157,0
DA:160,0
DA:163,0
DA:166,0
DA:170,0
DA:173,0
DA:177,0
DA:180,0
DA:183,0
DA:186,0
DA:190,0
DA:193,0
DA:197,0
DA:201,0
DA:204,0
DA:207,0
DA:211,0
DA:214,0
DA:217,0
DA:220,0
DA:224,0
DA:228,0
DA:232,0
DA:235,0
DA:239,0
DA:243,0
DA:247,0
DA:250,0
DA:254,0
DA:257,0
DA:261,0
DA:264,0
DA:268,0
LF:126
LH:0
end_of_record
SF:module/library/base_component/lib/src/text/text_component.dart
DA:15,0
DA:18,0
DA:28,0
DA:30,0
DA:32,0
DA:33,0
DA:35,0
DA:42,0
DA:45,0
DA:46,0
DA:47,0
DA:48,0
DA:53,0
DA:54,0
DA:56,0
DA:57,0
DA:58,0
DA:59,0
DA:64,0
DA:66,0
DA:69,0
DA:70,0
DA:71,0
DA:72,0
DA:77,0
DA:79,0
DA:80,0
DA:81,0
DA:86,0
DA:87,0
DA:88,0
DA:90,0
DA:91,0
DA:92,0
DA:99,0
DA:109,0
LF:36
LH:0
end_of_record
SF:module/library/base_component/lib/src/icon/icon_component.dart
DA:31,0
DA:47,0
DA:51,0
DA:67,0
DA:71,0
DA:87,0
DA:93,0
DA:109,0
DA:111,0
DA:113,0
DA:114,0
DA:116,0
DA:117,0
DA:118,0
DA:119,0
DA:120,0
DA:121,0
DA:122,0
DA:123,0
DA:124,0
DA:125,0
DA:127,0
DA:128,0
DA:129,0
DA:130,0
DA:131,0
DA:132,0
DA:133,0
DA:140,0
DA:141,0
DA:142,0
DA:143,0
DA:144,0
DA:145,0
DA:146,0
DA:148,0
DA:149,0
DA:150,0
DA:151,0
DA:152,0
DA:160,0
DA:161,0
DA:162,0
DA:163,0
DA:164,0
DA:165,0
DA:166,0
DA:168,0
DA:169,0
DA:170,0
DA:171,0
DA:172,0
DA:177,0
DA:178,0
DA:179,0
DA:180,0
LF:56
LH:0
end_of_record
SF:module/library/base_component/lib/src/icon_position.dart
DA:1,1
LF:1
LH:1
end_of_record
SF:module/library/base_component/lib/src/structure/separator_line_component.dart
DA:13,2
DA:19,0
DA:21,0
DA:23,0
DA:24,0
DA:25,0
DA:26,0
DA:30,0
DA:31,0
DA:32,0
DA:34,0
DA:42,1
DA:54,0
DA:56,0
DA:58,0
DA:59,0
DA:60,0
DA:61,0
DA:62,0
DA:63,0
DA:65,0
DA:69,0
DA:70,0
DA:71,0
DA:75,0
DA:77,0
DA:81,0
DA:82,0
DA:83,0
DA:89,0
LF:30
LH:2
end_of_record
SF:module/library/cubit_util/lib/src/consumable_value.dart
DA:5,0
DA:7,0
DA:8,0
DA:9,0
DA:10,0
LF:5
LH:0
end_of_record
SF:module/library/cubit_util/lib/src/safe_emit_cubit.dart
DA:4,0
DA:6,0
LF:2
LH:0
end_of_record
SF:module/data/data_book/lib/src/data_book_registrar.dart
DA:8,1
DA:10,4
DA:11,3
DA:12,1
DA:13,2
LF:5
LH:5
end_of_record
SF:module/data/data_book/lib/src/repo/book_repository.dart
DA:8,1
DA:10,0
DA:15,0
DA:16,0
DA:19,0
DA:21,0
DA:23,0
DA:28,0
DA:30,0
DA:31,0
LF:10
LH:1
end_of_record
SF:module/domain/domain_book/lib/src/domain_book_registrar.dart
DA:8,1
DA:9,4
DA:10,4
LF:3
LH:3
end_of_record
SF:module/domain/domain_book/lib/src/usecase/get_books_usecase.dart
DA:8,2
DA:10,1
DA:14,2
LF:3
LH:3
end_of_record
SF:module/domain/domain_book/lib/src/usecase/get_book_detail_usecase.dart
DA:7,2
DA:9,1
DA:12,2
LF:3
LH:3
end_of_record
SF:module/entity/entity_book/lib/src/model/format.dart
DA:3,0
DA:5,0
DA:18,1
DA:30,0
DA:31,0
DA:32,0
DA:33,0
DA:34,0
DA:35,0
DA:36,0
DA:37,0
DA:38,0
DA:39,0
DA:42,0
DA:43,0
DA:44,0
DA:45,0
DA:46,0
DA:47,0
DA:48,0
DA:49,0
DA:50,0
DA:51,0
LF:23
LH:1
end_of_record
SF:module/entity/entity_book/lib/src/model/book.dart
DA:6,0
DA:8,0
DA:23,0
DA:37,0
DA:38,0
DA:39,0
DA:40,0
DA:41,0
DA:42,0
DA:43,0
DA:44,0
DA:45,0
DA:46,0
DA:47,0
DA:48,0
DA:49,0
DA:50,0
DA:51,0
DA:52,0
DA:53,0
DA:54,0
DA:55,0
DA:56,0
DA:57,0
DA:58,0
DA:59,0
DA:60,0
DA:61,0
DA:62,0
DA:64,0
DA:65,0
DA:68,0
DA:69,0
DA:70,0
DA:71,0
DA:72,0
DA:73,0
DA:74,0
DA:75,0
DA:76,0
DA:77,0
DA:78,0
DA:79,0
LF:43
LH:0
end_of_record
SF:module/entity/entity_book/lib/src/model/person.dart
DA:3,0
DA:5,0
DA:12,0
DA:18,0
DA:19,0
DA:20,0
DA:21,0
DA:24,0
DA:25,0
DA:26,0
DA:27,0
LF:11
LH:0
end_of_record
SF:module/domain/fake_domain_book/lib/src/fake_get_book_detail_usecase.dart
DA:12,0
DA:16,0
DA:17,0
DA:18,0
LF:4
LH:0
end_of_record
SF:module/domain/fake_domain_book/lib/src/fake_get_books_usecase.dart
DA:17,0
DA:22,0
DA:23,0
DA:24,0
LF:4
LH:0
end_of_record
SF:module/entity/fake_entity_book/lib/src/fake_get_book_detail_interface.dart
DA:13,0
DA:17,0
DA:18,0
DA:19,0
LF:4
LH:0
end_of_record
SF:module/entity/fake_entity_book/lib/src/fake_get_books_interface.dart
DA:15,0
DA:20,0
DA:21,0
DA:22,0
LF:4
LH:0
end_of_record
SF:module/entity/fake_entity_book/lib/src/dummy_creation.dart
DA:3,0
DA:7,0
LF:2
LH:0
end_of_record
SF:lib/main.dart
DA:5,0
DA:6,0
LF:2
LH:0
end_of_record
SF:lib/src/main_development.dart
DA:5,0
DA:6,0
LF:2
LH:0
end_of_record
SF:lib/src/bootstrap.dart
DA:12,0
DA:13,0
DA:15,0
DA:16,0
DA:18,0
DA:21,0
DA:22,0
DA:23,0
DA:24,0
DA:27,0
DA:28,0
DA:30,0
DA:33,0
LF:13
LH:0
end_of_record
SF:lib/src/main_production.dart
DA:5,0
DA:6,0
LF:2
LH:0
end_of_record
SF:lib/src/ebook_app.dart
DA:8,0
DA:12,0
DA:19,0
DA:23,0
DA:26,0
DA:28,0
DA:29,0
DA:30,0
DA:32,0
DA:33,0
DA:35,0
DA:36,0
DA:39,0
DA:40,0
DA:41,0
DA:42,0
DA:43,0
DA:46,0
DA:47,0
DA:50,0
DA:54,0
DA:55,0
DA:56,0
DA:57,0
DA:68,0
DA:69,0
DA:70,0
DA:71,0
DA:72,0
DA:75,0
DA:76,0
LF:31
LH:0
end_of_record
SF:lib/src/flavor/flavors.dart
DA:5,0
DA:15,0
DA:25,0
LF:3
LH:0
end_of_record
SF:lib/src/flavor/flavor_config.dart
DA:8,0
LF:1
LH:0
end_of_record
SF:lib/src/main_staging.dart
DA:5,0
DA:6,0
LF:2
LH:0
end_of_record
SF:module/library/localization/lib/src/goat_locale.dart
DA:10,0
DA:12,0
DA:13,0
LF:3
LH:0
end_of_record
SF:module/library/localization/lib/src/locale_resource.dart
DA:8,0
DA:10,0
DA:11,0
DA:12,0
DA:15,0
DA:17,0
DA:21,0
DA:22,0
DA:23,0
LF:9
LH:0
end_of_record
SF:module/library/network_client/lib/src/goat_response_array.dart
DA:11,0
DA:18,0
DA:22,0
DA:23,0
DA:25,0
DA:26,0
DA:27,0
DA:29,0
DA:33,0
DA:34,0
DA:35,0
DA:38,0
DA:42,0
DA:44,0
DA:45,0
DA:47,0
DA:48,0
DA:49,0
DA:54,0
DA:55,0
DA:56,0
DA:57,0
DA:58,0
DA:59,0
LF:24
LH:0
end_of_record
SF:module/library/network_client/lib/src/network_client.dart
DA:14,0
DA:19,0
DA:20,0
DA:21,0
DA:24,0
DA:25,0
DA:28,0
DA:29,0
DA:32,0
DA:40,0
DA:45,0
DA:46,0
DA:47,0
DA:48,0
DA:50,0
DA:51,0
DA:52,0
DA:54,0
DA:58,0
DA:60,0
DA:61,0
DA:62,0
DA:63,0
DA:67,0
DA:74,0
DA:79,0
DA:80,0
DA:81,0
DA:82,0
DA:85,0
DA:87,0
DA:88,0
DA:89,0
DA:90,0
DA:94,0
DA:101,0
DA:106,0
DA:107,0
DA:108,0
DA:109,0
DA:112,0
DA:114,0
DA:115,0
DA:116,0
DA:117,0
LF:45
LH:0
end_of_record
SF:module/library/network_client/lib/src/network_client_registrar.dart
DA:10,0
DA:13,0
DA:14,0
DA:15,0
DA:16,0
DA:17,0
LF:6
LH:0
end_of_record
SF:module/library/network_client/lib/src/exception/no_internet_exception.dart
DA:2,1
DA:4,0
DA:6,0
DA:8,0
LF:4
LH:1
end_of_record
SF:module/library/network_client/lib/src/interceptor/request_interceptor.dart
DA:9,0
DA:12,0
DA:16,0
DA:17,0
DA:19,0
DA:23,0
DA:27,0
LF:7
LH:0
end_of_record
SF:module/library/nullable_util/lib/src/nullable_generic.dart
DA:5,0
DA:13,0
DA:16,0
DA:21,0
DA:23,0
DA:26,0
DA:28,0
DA:32,0
DA:34,0
LF:9
LH:0
end_of_record
SF:module/library/result_util/lib/src/async_value.dart
DA:55,0
DA:125,0
DA:127,0
DA:129,0
DA:148,0
DA:149,0
DA:150,0
DA:151,0
DA:152,0
DA:153,0
DA:165,0
DA:173,0
DA:179,0
DA:182,0
DA:184,0
DA:185,0
DA:186,0
DA:187,0
DA:189,0
DA:192,0
DA:194,0
DA:195,0
DA:196,0
DA:197,0
DA:200,0
DA:201,0
DA:211,0
DA:213,0
DA:216,0
DA:222,0
DA:225,0
DA:227,0
DA:230,0
DA:232,0
DA:235,0
DA:236,0
DA:246,0
DA:247,0
DA:258,0
DA:264,0
DA:267,0
DA:269,0
DA:270,0
DA:271,0
DA:272,0
DA:273,0
DA:275,0
DA:278,0
DA:280,0
DA:281,0
DA:282,0
DA:283,0
DA:284,0
DA:287,0
DA:288,0
DA:295,0
DA:296,0
DA:300,0
DA:301,0
DA:302,0
DA:303,0
DA:304,0
DA:313,0
DA:314,0
DA:315,0
DA:317,0
DA:318,0
DA:323,0
DA:324,0
DA:325,0
DA:326,0
DA:330,0
DA:331,0
DA:332,0
DA:333,0
DA:337,0
DA:338,0
DA:339,0
DA:340,0
DA:345,0
DA:346,0
DA:347,0
DA:348,0
DA:355,0
DA:356,0
DA:357,0
DA:359,0
DA:361,0
DA:364,0
DA:365,0
DA:373,0
DA:379,0
DA:380,0
DA:381,0
DA:382,0
DA:384,0
DA:385,0
DA:386,0
DA:388,0
DA:389,0
DA:390,0
DA:398,0
DA:403,0
DA:404,0
DA:405,0
DA:406,0
DA:415,0
DA:420,0
DA:421,0
DA:422,0
DA:423,0
DA:431,0
DA:436,0
DA:441,0
DA:447,0
DA:448,0
DA:449,0
DA:450,0
DA:452,0
DA:453,0
DA:454,0
DA:456,0
DA:457,0
DA:458,0
DA:465,0
DA:470,0
DA:471,0
DA:472,0
DA:473,0
DA:481,0
LF:130
LH:0
end_of_record
SF:module/library/service_locator/lib/src/getit_service_locator.dart
DA:12,0
DA:14,0
DA:17,0
DA:19,0
DA:22,0
DA:24,0
DA:27,0
DA:29,0
DA:32,0
DA:34,0
DA:37,0
DA:38,0
DA:40,0
DA:42,0
DA:45,0
DA:47,0
DA:50,0
DA:52,0
DA:55,0
DA:57,0
DA:60,0
DA:62,0
DA:65,0
DA:67,0
DA:70,0
DA:72,0
DA:75,0
DA:77,0
DA:78,0
DA:82,0
DA:84,0
DA:87,0
DA:89,0
DA:92,0
DA:94,0
DA:97,0
DA:99,0
DA:102,0
DA:104,0
DA:107,0
DA:109,0
DA:112,0
DA:114,0
DA:117,0
DA:119,0
DA:122,0
DA:124,0
DA:127,0
DA:129,0
DA:132,0
DA:134,0
DA:137,0
DA:139,0
DA:142,0
DA:144,0
DA:147,0
DA:149,0
DA:155,0
DA:156,0
DA:157,0
LF:60
LH:0
end_of_record
SF:module/library/service_locator/lib/src/service_locator.dart
DA:10,0
DA:14,0
DA:17,0
DA:19,0
DA:82,0
DA:84,0
DA:85,0
DA:102,0
DA:110,0
DA:113,0
DA:116,0
DA:117,0
DA:119,0
DA:122,0
DA:123,0
DA:125,0
DA:128,0
DA:129,0
DA:131,0
DA:133,0
DA:151,0
DA:152,0
LF:22
LH:0
end_of_record
SF:module/library/test_util/lib/src/page_test_helper.dart
DA:9,0
DA:20,0
DA:22,0
DA:23,0
DA:25,0
DA:26,0
DA:27,0
DA:28,0
DA:30,0
DA:35,0
DA:36,0
LF:11
LH:0
end_of_record
SF:module/library/test_util/lib/src/fakeclient/fake_http_client_response.dart
DA:9,0
DA:13,0
DA:14,0
DA:16,0
DA:19,0
DA:22,0
DA:26,0
DA:29,0
DA:32,0
DA:37,0
DA:40,0
DA:43,0
DA:46,0
DA:49,0
DA:52,0
DA:55,0
DA:58,0
DA:60,0
DA:62,0
DA:64,0
DA:66,0
DA:69,0
DA:72,0
DA:74,0
DA:76,0
DA:79,0
DA:82,0
DA:86,0
DA:89,0
DA:92,0
DA:95,0
DA:98,0
DA:101,0
DA:104,0
DA:107,0
DA:110,0
DA:113,0
DA:115,0
DA:117,0
DA:121,0
DA:124,0
DA:128,0
DA:131,0
DA:134,0
DA:137,0
DA:141,0
DA:144,0
DA:146,0
DA:148,0
DA:150,0
DA:152,0
DA:154,0
DA:156,0
DA:158,0
DA:160,0
DA:163,0
DA:166,0
DA:168,0
DA:170,0
DA:174,0
DA:177,0
DA:179,0
DA:181,0
DA:184,0
DA:187,0
DA:189,0
DA:191,0
DA:194,0
DA:197,0
DA:199,0
DA:201,0
DA:205,0
DA:208,0
DA:210,0
DA:212,0
DA:216,0
DA:219,0
DA:221,0
DA:223,0
DA:227,0
DA:230,0
DA:233,0
DA:236,0
DA:239,0
DA:242,0
DA:245,0
DA:248,0
DA:251,0
DA:254,0
DA:258,0
DA:261,0
DA:264,0
DA:267,0
DA:270,0
DA:273,0
DA:276,0
DA:279,0
DA:282,0
DA:287,0
LF:99
LH:0
end_of_record
SF:module/library/test_util/lib/src/fakeclient/fake_http_overrides.dart
DA:8,0
DA:10,0
LF:2
LH:0
end_of_record
SF:module/library/test_util/lib/src/fakeclient/fake_http_client_request.dart
DA:11,0
DA:12,0
DA:14,0
DA:15,0
DA:35,0
DA:40,0
DA:45,0
DA:50,0
DA:53,0
DA:56,0
DA:58,0
DA:60,0
DA:62,0
DA:64,0
DA:66,0
DA:68,0
DA:71,0
DA:74,0
DA:76,0
DA:78,0
DA:80,0
DA:82,0
DA:87,0
DA:92,0
DA:97,0
LF:25
LH:0
end_of_record
SF:module/library/test_util/lib/src/fakeclient/fake_http_client.dart
DA:9,0
DA:11,0
DA:29,0
DA:35,0
DA:41,0
DA:47,0
DA:54,0
DA:60,0
DA:65,0
DA:68,0
DA:71,0
DA:74,0
DA:77,0
DA:82,0
DA:85,0
DA:88,0
DA:91,0
DA:94,0
DA:97,0
DA:100,0
DA:104,0
DA:107,0
DA:110,0
DA:113,0
DA:116,0
DA:119,0
DA:122,0
DA:125,0
DA:128,0
DA:131,0
DA:134,0
DA:137,0
DA:140,0
DA:143,0
DA:146,0
DA:149,0
DA:154,0
LF:37
LH:0
end_of_record
SF:module/library/test_util/lib/src/fakeclient/fake_http_headers.dart
DA:34,0
DA:37,0
DA:40,0
DA:45,0
DA:50,0
DA:55,0
DA:60,0
DA:65,0
DA:70,0
DA:75,0
DA:78,0
LF:11
LH:0
end_of_record
SF:module/ui/ui_book/lib/src/cubit/book_list_cubit.dart
DA:12,2
DA:16,4
DA:18,2
DA:19,10
DA:22,6
DA:27,6
DA:30,2
DA:31,6
DA:32,6
DA:35,6
DA:36,2
DA:37,4
DA:43,0
DA:44,0
DA:46,0
DA:49,0
DA:50,0
DA:52,0
DA:54,0
DA:55,0
DA:56,0
DA:58,0
DA:59,0
DA:63,0
DA:64,0
DA:65,0
DA:72,0
DA:73,0
LF:28
LH:12
end_of_record
SF:module/ui/ui_book/lib/src/cubit/detail_cubit.dart
DA:12,1
DA:17,1
DA:18,1
DA:19,1
DA:21,1
DA:25,1
DA:26,3
DA:27,2
DA:29,1
DA:30,3
DA:31,3
DA:34,3
DA:35,1
DA:36,2
DA:42,0
DA:43,0
LF:16
LH:14
end_of_record
SF:module/ui/ui_book/lib/src/page/book_detail_page.dart
DA:14,1
DA:19,1
DA:21,1
DA:23,1
DA:24,2
DA:25,1
DA:26,1
DA:27,1
DA:29,1
DA:30,1
LF:10
LH:10
end_of_record
SF:module/ui/ui_book/lib/src/page/book_home_page.dart
DA:13,1
DA:16,1
DA:18,1
DA:20,1
DA:22,1
DA:23,2
DA:24,1
DA:25,1
DA:26,1
DA:27,1
LF:10
LH:10
end_of_record
SF:module/ui/ui_book/lib/src/page/book_search_result_page.dart
DA:13,1
DA:18,1
DA:20,1
DA:22,1
DA:23,2
DA:24,1
DA:25,1
DA:26,2
DA:27,1
DA:28,3
LF:10
LH:10
end_of_record
SF:module/ui/ui_book/lib/src/locale/book_locale_resource.dart
DA:6,6
DA:8,3
DA:9,3
DA:10,3
DA:15,3
DA:20,3
DA:25,3
DA:30,3
DA:35,3
DA:40,3
DA:45,3
DA:50,3
DA:55,3
LF:13
LH:13
end_of_record
SF:module/ui/ui_book/lib/src/locale/book_locale_delegate.dart
DA:7,3
DA:11,3
DA:12,6
DA:15,0
LF:4
LH:3
end_of_record
SF:module/ui/ui_book/lib/src/locale/book_locale.dart
DA:7,6
DA:9,1
DA:10,2
DA:13,1
DA:14,2
DA:17,1
DA:18,2
DA:21,1
DA:22,2
DA:25,0
DA:26,0
DA:29,0
DA:30,0
DA:33,1
DA:34,2
DA:37,3
DA:38,6
DA:41,3
DA:42,6
DA:45,3
DA:46,6
DA:49,3
DA:51,6
LF:23
LH:19
end_of_record
SF:module/ui/ui_book/lib/src/component/book_loading_component.dart
DA:5,4
DA:7,2
DA:9,2
DA:11,2
DA:13,2
DA:19,2
LF:6
LH:6
end_of_record
SF:module/ui/ui_book/lib/src/component/book_component.dart
DA:14,0
DA:18,0
DA:20,0
DA:22,0
DA:23,0
DA:24,0
DA:26,0
DA:28,0
DA:29,0
DA:30,0
DA:31,0
DA:32,0
DA:37,0
DA:38,0
DA:40,0
DA:46,0
DA:47,0
DA:49,0
DA:51,0
DA:52,0
DA:53,0
DA:57,0
DA:58,0
DA:59,0
LF:24
LH:0
end_of_record
SF:module/ui/ui_book/lib/src/component/fade_in_text_component.dart
DA:10,0
DA:16,0
DA:18,0
DA:19,0
DA:27,0
DA:29,0
DA:30,0
DA:31,0
DA:34,0
DA:35,0
DA:39,0
DA:40,0
DA:45,0
DA:46,0
DA:49,0
DA:51,0
DA:52,0
DA:55,0
DA:57,0
DA:58,0
DA:61,0
DA:63,0
DA:64,0
DA:65,0
DA:66,0
DA:67,0
DA:68,0
DA:69,0
DA:70,0
LF:29
LH:0
end_of_record
SF:module/ui/ui_book/lib/src/component/book_detail_component.dart
DA:26,1
DA:34,1
DA:36,1
DA:38,1
DA:41,4
DA:42,1
DA:45,1
DA:46,1
DA:49,1
DA:50,1
DA:52,0
DA:57,1
DA:58,1
DA:59,1
DA:61,0
DA:62,0
DA:63,0
DA:68,1
DA:70,1
DA:79,1
DA:81,1
DA:82,1
DA:83,1
DA:84,2
DA:85,1
DA:90,1
DA:92,1
DA:93,1
DA:94,1
DA:95,4
DA:96,1
DA:101,1
DA:103,1
DA:104,1
DA:105,1
DA:107,1
DA:108,2
DA:110,1
DA:111,4
DA:112,1
DA:115,2
DA:117,0
DA:120,0
DA:129,1
DA:131,1
DA:132,1
DA:133,1
DA:134,1
LF:48
LH:42
end_of_record
SF:module/ui/ui_book/lib/src/component/book_detail_loading_component.dart
DA:7,4
DA:9,1
DA:11,1
LF:3
LH:3
end_of_record
SF:module/ui/ui_book/lib/src/state/detail_state.dart
DA:9,1
DA:15,1
DA:20,1
DA:21,1
DA:22,0
DA:23,1
LF:6
LH:5
end_of_record
SF:module/ui/ui_book/lib/src/state/book_list_state.dart
DA:14,2
DA:22,2
DA:29,2
DA:30,2
DA:31,0
DA:32,2
DA:33,2
DA:34,2
LF:8
LH:7
end_of_record
SF:module/ui/ui_book/lib/src/view/book_list_view.dart
DA:29,2
DA:33,2
DA:35,2
DA:37,2
DA:38,2
DA:39,2
DA:40,4
DA:43,2
DA:44,2
DA:45,4
DA:46,2
DA:48,2
DA:49,2
DA:51,4
DA:52,2
DA:54,2
DA:55,2
DA:56,8
DA:57,2
DA:76,2
DA:80,2
DA:82,2
DA:84,2
DA:86,2
DA:87,2
DA:88,2
DA:89,2
DA:90,4
DA:91,2
DA:95,2
DA:96,3
DA:97,1
DA:99,1
DA:100,1
DA:101,1
DA:124,2
DA:130,2
DA:132,2
DA:133,2
DA:141,2
DA:143,2
DA:144,4
DA:145,4
DA:146,0
DA:147,0
DA:148,0
DA:149,0
DA:150,0
DA:153,4
DA:154,0
DA:158,2
DA:160,4
DA:161,4
DA:162,0
DA:164,2
DA:167,2
DA:169,2
DA:171,2
DA:172,0
DA:173,0
DA:175,2
DA:176,2
DA:177,2
DA:178,5
DA:179,1
DA:181,1
DA:182,1
DA:183,1
DA:185,1
DA:186,1
DA:187,2
DA:188,0
DA:189,0
DA:190,0
DA:192,0
DA:196,0
DA:197,0
DA:198,0
DA:201,0
DA:202,0
DA:209,2
DA:210,2
DA:211,0
DA:213,0
DA:225,0
DA:226,0
DA:227,0
DA:228,0
DA:229,0
DA:231,0
DA:233,0
DA:238,12
DA:246,0
DA:247,0
DA:249,0
DA:259,4
DA:261,2
DA:263,2
DA:265,2
DA:267,2
DA:268,2
DA:269,2
DA:270,2
DA:271,2
DA:273,2
DA:274,2
DA:279,2
DA:280,2
DA:281,2
DA:284,2
DA:285,2
DA:286,2
DA:292,4
DA:293,2
DA:294,2
DA:295,2
DA:297,2
DA:298,6
LF:118
LH:88
end_of_record
SF:module/ui/ui_book/lib/src/view/detail_view.dart
DA:30,1
DA:33,1
DA:35,1
DA:36,1
DA:45,1
DA:47,1
DA:48,1
DA:49,3
DA:50,2
DA:51,3
DA:52,1
DA:57,1
DA:58,1
DA:59,1
DA:62,1
DA:63,2
DA:64,0
DA:66,0
DA:67,0
DA:69,0
DA:71,0
DA:74,1
DA:76,1
DA:78,1
DA:79,1
DA:80,2
DA:83,1
DA:84,1
DA:85,2
DA:89,2
DA:90,3
DA:92,1
DA:95,1
DA:96,0
DA:98,0
DA:99,0
DA:100,0
DA:102,0
DA:104,0
DA:105,0
DA:106,0
DA:108,0
DA:110,0
DA:111,0
DA:113,0
DA:114,0
DA:117,0
DA:119,0
DA:120,0
DA:123,0
DA:125,0
DA:138,0
DA:144,0
DA:146,0
DA:147,0
DA:154,0
DA:159,0
DA:162,0
DA:165,0
DA:171,0
DA:174,0
DA:176,0
DA:177,0
DA:178,0
DA:179,0
DA:181,0
DA:182,0
DA:183,0
DA:184,0
DA:185,0
DA:189,0
DA:191,0
DA:195,0
DA:196,0
DA:197,0
DA:198,0
DA:205,4
DA:207,0
DA:209,1
DA:211,1
DA:212,1
DA:213,1
DA:223,4
DA:225,1
DA:227,1
DA:229,1
DA:231,1
DA:232,1
DA:233,1
DA:234,1
DA:235,1
DA:237,1
DA:238,1
DA:243,1
DA:244,1
DA:245,1
DA:248,1
DA:249,1
DA:250,1
DA:256,2
DA:257,1
DA:258,1
DA:259,1
DA:261,1
DA:262,3
LF:105
LH:56
end_of_record
